<?xml version="1.0" encoding="UTF-8"?>
<TestRun id="2dabaa74-4f4d-4f24-b2a5-fbff4b88f4e4" name="vojislav.runtic@EN510130 2019-08-15 11:43:10" runUser="ENDAVA\vojislav.runtic" xmlns="http://microsoft.com/schemas/VisualStudio/TeamTest/2010">
  <TestSettings name="Default Test Settings" id="6cfb658a-94d7-4ac4-a474-f4945479e850">
    <Execution>
      <TestTypeSpecific />
      <AgentRule name="Execution Agents">
      </AgentRule>
    </Execution>
    <Deployment runDeploymentRoot="vojislav.runtic_EN510130 2019-08-15 11_43_10" />
    <Properties />
  </TestSettings>
  <Times creation="2019-08-15T11:43:10.4431270+02:00" queuing="2019-08-15T11:43:11.4012539+02:00" start="2019-08-15T11:43:11.4822982+02:00" finish="2019-08-15T11:43:12.1124821+02:00" />
  <ResultSummary outcome="Completed">
    <Counters total="1" executed="1" passed="1" error="0" failed="0" timeout="0" aborted="0" inconclusive="0" passedButRunAborted="0" notRunnable="0" notExecuted="0" disconnected="0" warning="0" completed="0" inProgress="0" pending="0" />
  </ResultSummary>
  <TestDefinitions>
    <UnitTest name="TestMethod1" storage="helloworldtests\bin\debug\helloworldtests.dll" id="5e31dd07-94a6-154a-c432-42c66e0a0486">
      <Execution id="1a99b058-b284-442e-af0b-03140fda156f" />
      <TestMethod codeBase="C:/Temp/HelloWorld/HelloWorld/HelloWorldTests/bin/Debug/HelloWorldTests.DLL" adapterTypeName="Microsoft.VisualStudio.TestTools.TestTypes.Unit.UnitTestAdapter, Microsoft.VisualStudio.QualityTools.Tips.UnitTest.Adapter, Version=16.0.0.0, Culture=neutral, PublicKeyToken=b03f5f7f11d50a3a" className="HelloWorldTests.UnitTest1, HelloWorldTests, Version=1.0.0.0, Culture=neutral, PublicKeyToken=null" name="TestMethod1" />
    </UnitTest>
  </TestDefinitions>
  <TestLists>
    <TestList name="Results Not in a List" id="8c84fa94-04c1-424b-9868-57a2d4851a1d" />
    <TestList name="All Loaded Results" id="19431567-8539-422a-85d7-44ee4e166bda" />
  </TestLists>
  <TestEntries>
    <TestEntry testId="5e31dd07-94a6-154a-c432-42c66e0a0486" executionId="1a99b058-b284-442e-af0b-03140fda156f" testListId="8c84fa94-04c1-424b-9868-57a2d4851a1d" />
  </TestEntries>
  <Results>
    <UnitTestResult executionId="1a99b058-b284-442e-af0b-03140fda156f" testId="5e31dd07-94a6-154a-c432-42c66e0a0486" testName="TestMethod1" computerName="EN510130" duration="00:00:00.0186192" startTime="2019-08-15T11:43:11.5855461+02:00" endTime="2019-08-15T11:43:12.0639154+02:00" testType="13cdc9d9-ddb5-4fa4-a97d-d965ccfc6d4b" outcome="Passed" testListId="8c84fa94-04c1-424b-9868-57a2d4851a1d" relativeResultsDirectory="1a99b058-b284-442e-af0b-03140fda156f">
    </UnitTestResult>
  </Results>
</TestRun>